nohup: ignoring input
[I 2026-03-11 12:22:30.025 ServerApp] jupyter_lsp | extension was successfully linked.
[I 2026-03-11 12:22:30.030 ServerApp] jupyter_server_terminals | extension was successfully linked.
[I 2026-03-11 12:22:30.034 ServerApp] jupyterlab | extension was successfully linked.
[I 2026-03-11 12:22:30.039 ServerApp] notebook | extension was successfully linked.
[I 2026-03-11 12:22:30.468 ServerApp] notebook_shim | extension was successfully linked.
[I 2026-03-11 12:22:30.469 ServerApp] panel.io.jupyter_server_extension | extension was successfully linked.
[I 2026-03-11 12:22:30.491 ServerApp] notebook_shim | extension was successfully loaded.
[I 2026-03-11 12:22:30.494 ServerApp] jupyter_lsp | extension was successfully loaded.
[I 2026-03-11 12:22:30.495 ServerApp] jupyter_server_terminals | extension was successfully loaded.
[I 2026-03-11 12:22:30.497 LabApp] JupyterLab extension loaded from /home/danghoa/graph-database/jupyter_env/lib/python3.12/site-packages/jupyterlab
[I 2026-03-11 12:22:30.497 LabApp] JupyterLab application directory is /home/danghoa/graph-database/jupyter_env/share/jupyter/lab
[I 2026-03-11 12:22:30.497 LabApp] Extension Manager is 'pypi'.
[I 2026-03-11 12:22:30.583 ServerApp] jupyterlab | extension was successfully loaded.
[I 2026-03-11 12:22:30.587 ServerApp] notebook | extension was successfully loaded.
[I 2026-03-11 12:22:30.588 ServerApp] panel.io.jupyter_server_extension | extension was successfully loaded.
[I 2026-03-11 12:22:30.589 ServerApp] Serving notebooks from local directory: /home/danghoa/graph-database
[I 2026-03-11 12:22:30.589 ServerApp] Jupyter Server 2.17.0 is running at:
[I 2026-03-11 12:22:30.589 ServerApp] http://linkedInGraphDatabase:8888/lab?token=e155c4b1bbd13cbe8a7d2c9d746b328dd92798866a34de24
[I 2026-03-11 12:22:30.589 ServerApp]     http://127.0.0.1:8888/lab?token=e155c4b1bbd13cbe8a7d2c9d746b328dd92798866a34de24
[I 2026-03-11 12:22:30.589 ServerApp] Use Control-C to stop this server and shut down all kernels (twice to skip confirmation).
[C 2026-03-11 12:22:30.592 ServerApp] 
    
    To access the server, open this file in a browser:
        file:///home/danghoa/.local/share/jupyter/runtime/jpserver-48387-open.html
    Or copy and paste one of these URLs:
        http://linkedInGraphDatabase:8888/lab?token=e155c4b1bbd13cbe8a7d2c9d746b328dd92798866a34de24
        http://127.0.0.1:8888/lab?token=e155c4b1bbd13cbe8a7d2c9d746b328dd92798866a34de24
[I 2026-03-11 12:22:30.752 ServerApp] Skipped non-installed server(s): basedpyright, bash-language-server, dockerfile-language-server-nodejs, javascript-typescript-langserver, jedi-language-server, julia-language-server, pyrefly, pyright, python-language-server, python-lsp-server, r-languageserver, sql-language-server, texlab, typescript-language-server, unified-language-server, vscode-css-languageserver-bin, vscode-html-languageserver-bin, vscode-json-languageserver-bin, yaml-language-server
[I 2026-03-11 12:22:48.600 LabApp] Build is up to date
[I 2026-03-11 12:22:49.763 ServerApp] Kernel started: 86ccf53a-e00d-4a77-82c2-6144e59fac01
[I 2026-03-11 12:22:49.766 ServerApp] Kernel started: 4a358e38-58f0-469d-8e77-a0cbd4249bb3
[I 2026-03-11 12:22:50.376 ServerApp] Adapting from protocol version 5.3 (kernel 4a358e38-58f0-469d-8e77-a0cbd4249bb3) to 5.4 (client).
[I 2026-03-11 12:22:50.377 ServerApp] Connecting to kernel 4a358e38-58f0-469d-8e77-a0cbd4249bb3.
[W 2026-03-11 12:22:50.379 ServerApp] The websocket_ping_timeout (90000) cannot be longer than the websocket_ping_interval (30000).
    Setting websocket_ping_timeout=30000
[I 2026-03-11 12:22:50.580 ServerApp] Adapting from protocol version 5.3 (kernel 86ccf53a-e00d-4a77-82c2-6144e59fac01) to 5.4 (client).
[I 2026-03-11 12:22:50.581 ServerApp] Connecting to kernel 86ccf53a-e00d-4a77-82c2-6144e59fac01.
[I 2026-03-11 12:22:50.658 ServerApp] Starting buffering for 4a358e38-58f0-469d-8e77-a0cbd4249bb3:c729b881-6119-45a6-b7fc-8a0309a898c1
[I 2026-03-11 12:22:50.778 ServerApp] Adapting from protocol version 5.3 (kernel 4a358e38-58f0-469d-8e77-a0cbd4249bb3) to 5.4 (client).
[I 2026-03-11 12:22:50.779 ServerApp] Connecting to kernel 4a358e38-58f0-469d-8e77-a0cbd4249bb3.
[I 2026-03-11 12:22:50.973 ServerApp] Adapting from protocol version 5.3 (kernel 4a358e38-58f0-469d-8e77-a0cbd4249bb3) to 5.4 (client).
[I 2026-03-11 12:22:50.975 ServerApp] Connecting to kernel 4a358e38-58f0-469d-8e77-a0cbd4249bb3.
[W 2026-03-11 12:58:20.583 ServerApp] WebSocket ping timeout after 119905 ms.
[W 2026-03-11 12:58:20.780 ServerApp] WebSocket ping timeout after 119903 ms.
[I 2026-03-11 12:58:25.586 ServerApp] Starting buffering for 86ccf53a-e00d-4a77-82c2-6144e59fac01:83fd825c-c4f7-45cf-a219-e3ee0a9dc17e
[I 2026-03-11 12:58:25.782 ServerApp] Starting buffering for 4a358e38-58f0-469d-8e77-a0cbd4249bb3:facecb2b-6856-432b-b16c-e2c5921f3089
[I 2026-03-11 13:00:44.000 ServerApp] Adapting from protocol version 5.3 (kernel 86ccf53a-e00d-4a77-82c2-6144e59fac01) to 5.4 (client).
[I 2026-03-11 13:00:44.001 ServerApp] Connecting to kernel 86ccf53a-e00d-4a77-82c2-6144e59fac01.
[I 2026-03-11 13:00:44.001 ServerApp] Restoring connection for 86ccf53a-e00d-4a77-82c2-6144e59fac01:83fd825c-c4f7-45cf-a219-e3ee0a9dc17e
[I 2026-03-11 13:00:44.812 ServerApp] Adapting from protocol version 5.3 (kernel 4a358e38-58f0-469d-8e77-a0cbd4249bb3) to 5.4 (client).
[I 2026-03-11 13:00:44.813 ServerApp] Connecting to kernel 4a358e38-58f0-469d-8e77-a0cbd4249bb3.
[I 2026-03-11 13:00:44.813 ServerApp] Restoring connection for 4a358e38-58f0-469d-8e77-a0cbd4249bb3:facecb2b-6856-432b-b16c-e2c5921f3089
[W 2026-03-11 13:14:35.954 ServerApp] error on read: [Errno 113] No route to host
[I 2026-03-11 13:22:03.614 ServerApp] Starting buffering for 4a358e38-58f0-469d-8e77-a0cbd4249bb3:facecb2b-6856-432b-b16c-e2c5921f3089
[I 2026-03-11 13:22:03.750 ServerApp] Adapting from protocol version 5.3 (kernel 4a358e38-58f0-469d-8e77-a0cbd4249bb3) to 5.4 (client).
[I 2026-03-11 13:22:03.751 ServerApp] Connecting to kernel 4a358e38-58f0-469d-8e77-a0cbd4249bb3.
[I 2026-03-11 13:22:03.751 ServerApp] Restoring connection for 4a358e38-58f0-469d-8e77-a0cbd4249bb3:facecb2b-6856-432b-b16c-e2c5921f3089
[I 2026-03-11 13:52:22.779 ServerApp] Starting buffering for 86ccf53a-e00d-4a77-82c2-6144e59fac01:83fd825c-c4f7-45cf-a219-e3ee0a9dc17e
[I 2026-03-11 13:52:22.881 ServerApp] Adapting from protocol version 5.3 (kernel 86ccf53a-e00d-4a77-82c2-6144e59fac01) to 5.4 (client).
[I 2026-03-11 13:52:22.884 ServerApp] Connecting to kernel 86ccf53a-e00d-4a77-82c2-6144e59fac01.
[I 2026-03-11 13:52:22.884 ServerApp] Restoring connection for 86ccf53a-e00d-4a77-82c2-6144e59fac01:83fd825c-c4f7-45cf-a219-e3ee0a9dc17e
[I 2026-03-11 14:50:36.740 ServerApp] Starting buffering for 86ccf53a-e00d-4a77-82c2-6144e59fac01:83fd825c-c4f7-45cf-a219-e3ee0a9dc17e
[I 2026-03-11 14:50:36.740 ServerApp] Starting buffering for 4a358e38-58f0-469d-8e77-a0cbd4249bb3:facecb2b-6856-432b-b16c-e2c5921f3089
[I 2026-03-11 14:50:37.181 ServerApp] Adapting from protocol version 5.3 (kernel 86ccf53a-e00d-4a77-82c2-6144e59fac01) to 5.4 (client).
[I 2026-03-11 14:50:37.181 ServerApp] Connecting to kernel 86ccf53a-e00d-4a77-82c2-6144e59fac01.
[I 2026-03-11 14:50:37.181 ServerApp] Restoring connection for 86ccf53a-e00d-4a77-82c2-6144e59fac01:83fd825c-c4f7-45cf-a219-e3ee0a9dc17e
[I 2026-03-11 14:50:37.548 ServerApp] Adapting from protocol version 5.3 (kernel 4a358e38-58f0-469d-8e77-a0cbd4249bb3) to 5.4 (client).
[I 2026-03-11 14:50:37.549 ServerApp] Connecting to kernel 4a358e38-58f0-469d-8e77-a0cbd4249bb3.
[I 2026-03-11 14:50:37.549 ServerApp] Restoring connection for 4a358e38-58f0-469d-8e77-a0cbd4249bb3:facecb2b-6856-432b-b16c-e2c5921f3089
[W 2026-03-11 14:52:07.185 ServerApp] WebSocket ping timeout after 90003 ms.
[W 2026-03-11 14:52:07.549 ServerApp] WebSocket ping timeout after 90000 ms.
[I 2026-03-11 14:52:12.187 ServerApp] Starting buffering for 86ccf53a-e00d-4a77-82c2-6144e59fac01:83fd825c-c4f7-45cf-a219-e3ee0a9dc17e
[I 2026-03-11 14:52:12.551 ServerApp] Starting buffering for 4a358e38-58f0-469d-8e77-a0cbd4249bb3:facecb2b-6856-432b-b16c-e2c5921f3089
[I 2026-03-11 14:53:14.761 ServerApp] Adapting from protocol version 5.3 (kernel 86ccf53a-e00d-4a77-82c2-6144e59fac01) to 5.4 (client).
[I 2026-03-11 14:53:14.762 ServerApp] Connecting to kernel 86ccf53a-e00d-4a77-82c2-6144e59fac01.
[I 2026-03-11 14:53:14.762 ServerApp] Restoring connection for 86ccf53a-e00d-4a77-82c2-6144e59fac01:83fd825c-c4f7-45cf-a219-e3ee0a9dc17e
[I 2026-03-11 14:53:15.460 ServerApp] Adapting from protocol version 5.3 (kernel 4a358e38-58f0-469d-8e77-a0cbd4249bb3) to 5.4 (client).
[I 2026-03-11 14:53:15.461 ServerApp] Connecting to kernel 4a358e38-58f0-469d-8e77-a0cbd4249bb3.
[I 2026-03-11 14:53:15.461 ServerApp] Restoring connection for 4a358e38-58f0-469d-8e77-a0cbd4249bb3:facecb2b-6856-432b-b16c-e2c5921f3089
[W 2026-03-11 14:57:44.765 ServerApp] WebSocket ping timeout after 119903 ms.
[W 2026-03-11 14:57:45.463 ServerApp] WebSocket ping timeout after 119905 ms.
[I 2026-03-11 14:57:49.766 ServerApp] Starting buffering for 86ccf53a-e00d-4a77-82c2-6144e59fac01:83fd825c-c4f7-45cf-a219-e3ee0a9dc17e
[I 2026-03-11 14:57:50.466 ServerApp] Starting buffering for 4a358e38-58f0-469d-8e77-a0cbd4249bb3:facecb2b-6856-432b-b16c-e2c5921f3089
[I 2026-03-11 15:00:16.767 ServerApp] Adapting from protocol version 5.3 (kernel 4a358e38-58f0-469d-8e77-a0cbd4249bb3) to 5.4 (client).
[I 2026-03-11 15:00:16.768 ServerApp] Connecting to kernel 4a358e38-58f0-469d-8e77-a0cbd4249bb3.
[I 2026-03-11 15:00:16.768 ServerApp] Restoring connection for 4a358e38-58f0-469d-8e77-a0cbd4249bb3:facecb2b-6856-432b-b16c-e2c5921f3089
[I 2026-03-11 15:00:16.976 ServerApp] Adapting from protocol version 5.3 (kernel 86ccf53a-e00d-4a77-82c2-6144e59fac01) to 5.4 (client).
[I 2026-03-11 15:00:16.978 ServerApp] Connecting to kernel 86ccf53a-e00d-4a77-82c2-6144e59fac01.
[I 2026-03-11 15:00:16.978 ServerApp] Restoring connection for 86ccf53a-e00d-4a77-82c2-6144e59fac01:83fd825c-c4f7-45cf-a219-e3ee0a9dc17e
[W 2026-03-11 15:01:46.768 ServerApp] WebSocket ping timeout after 90000 ms.
[W 2026-03-11 15:01:46.979 ServerApp] WebSocket ping timeout after 90001 ms.
[I 2026-03-11 15:01:51.772 ServerApp] Starting buffering for 4a358e38-58f0-469d-8e77-a0cbd4249bb3:facecb2b-6856-432b-b16c-e2c5921f3089
[I 2026-03-11 15:01:51.982 ServerApp] Starting buffering for 86ccf53a-e00d-4a77-82c2-6144e59fac01:83fd825c-c4f7-45cf-a219-e3ee0a9dc17e
[W 2026-03-11 15:15:44.306 ServerApp] error on read: [Errno 113] No route to host
[I 2026-03-11 15:23:53.420 ServerApp] Adapting from protocol version 5.3 (kernel 4a358e38-58f0-469d-8e77-a0cbd4249bb3) to 5.4 (client).
[I 2026-03-11 15:23:53.420 ServerApp] Connecting to kernel 4a358e38-58f0-469d-8e77-a0cbd4249bb3.
[I 2026-03-11 15:23:53.420 ServerApp] Restoring connection for 4a358e38-58f0-469d-8e77-a0cbd4249bb3:facecb2b-6856-432b-b16c-e2c5921f3089
[I 2026-03-11 15:23:53.632 ServerApp] Adapting from protocol version 5.3 (kernel 86ccf53a-e00d-4a77-82c2-6144e59fac01) to 5.4 (client).
[I 2026-03-11 15:23:53.633 ServerApp] Connecting to kernel 86ccf53a-e00d-4a77-82c2-6144e59fac01.
[I 2026-03-11 15:23:53.633 ServerApp] Restoring connection for 86ccf53a-e00d-4a77-82c2-6144e59fac01:83fd825c-c4f7-45cf-a219-e3ee0a9dc17e
[I 2026-03-11 15:25:56.382 ServerApp] Starting buffering for 4a358e38-58f0-469d-8e77-a0cbd4249bb3:facecb2b-6856-432b-b16c-e2c5921f3089
[I 2026-03-11 15:25:56.490 ServerApp] Adapting from protocol version 5.3 (kernel 4a358e38-58f0-469d-8e77-a0cbd4249bb3) to 5.4 (client).
[I 2026-03-11 15:25:56.491 ServerApp] Connecting to kernel 4a358e38-58f0-469d-8e77-a0cbd4249bb3.
[I 2026-03-11 15:25:56.492 ServerApp] Restoring connection for 4a358e38-58f0-469d-8e77-a0cbd4249bb3:facecb2b-6856-432b-b16c-e2c5921f3089
[I 2026-03-11 16:41:30.275 ServerApp] Starting buffering for 4a358e38-58f0-469d-8e77-a0cbd4249bb3:facecb2b-6856-432b-b16c-e2c5921f3089
[I 2026-03-11 16:41:30.293 ServerApp] Starting buffering for 86ccf53a-e00d-4a77-82c2-6144e59fac01:83fd825c-c4f7-45cf-a219-e3ee0a9dc17e
[I 2026-03-11 16:41:30.796 ServerApp] Adapting from protocol version 5.3 (kernel 4a358e38-58f0-469d-8e77-a0cbd4249bb3) to 5.4 (client).
[I 2026-03-11 16:41:30.797 ServerApp] Connecting to kernel 4a358e38-58f0-469d-8e77-a0cbd4249bb3.
[I 2026-03-11 16:41:30.797 ServerApp] Restoring connection for 4a358e38-58f0-469d-8e77-a0cbd4249bb3:facecb2b-6856-432b-b16c-e2c5921f3089
[I 2026-03-11 16:41:30.997 ServerApp] Adapting from protocol version 5.3 (kernel 86ccf53a-e00d-4a77-82c2-6144e59fac01) to 5.4 (client).
[I 2026-03-11 16:41:30.997 ServerApp] Connecting to kernel 86ccf53a-e00d-4a77-82c2-6144e59fac01.
[I 2026-03-11 16:41:30.997 ServerApp] Restoring connection for 86ccf53a-e00d-4a77-82c2-6144e59fac01:83fd825c-c4f7-45cf-a219-e3ee0a9dc17e
[W 2026-03-11 16:43:00.800 ServerApp] WebSocket ping timeout after 90003 ms.
[W 2026-03-11 16:43:00.998 ServerApp] WebSocket ping timeout after 90000 ms.
[I 2026-03-11 16:43:05.803 ServerApp] Starting buffering for 4a358e38-58f0-469d-8e77-a0cbd4249bb3:facecb2b-6856-432b-b16c-e2c5921f3089
[I 2026-03-11 16:43:06.000 ServerApp] Starting buffering for 86ccf53a-e00d-4a77-82c2-6144e59fac01:83fd825c-c4f7-45cf-a219-e3ee0a9dc17e
[I 2026-03-11 16:49:23.233 ServerApp] Adapting from protocol version 5.3 (kernel 4a358e38-58f0-469d-8e77-a0cbd4249bb3) to 5.4 (client).
[I 2026-03-11 16:49:23.234 ServerApp] Connecting to kernel 4a358e38-58f0-469d-8e77-a0cbd4249bb3.
[I 2026-03-11 16:49:23.234 ServerApp] Restoring connection for 4a358e38-58f0-469d-8e77-a0cbd4249bb3:facecb2b-6856-432b-b16c-e2c5921f3089
[I 2026-03-11 16:49:23.431 ServerApp] Adapting from protocol version 5.3 (kernel 86ccf53a-e00d-4a77-82c2-6144e59fac01) to 5.4 (client).
[I 2026-03-11 16:49:23.432 ServerApp] Connecting to kernel 86ccf53a-e00d-4a77-82c2-6144e59fac01.
[I 2026-03-11 16:49:23.432 ServerApp] Restoring connection for 86ccf53a-e00d-4a77-82c2-6144e59fac01:83fd825c-c4f7-45cf-a219-e3ee0a9dc17e
[W 2026-03-11 17:03:07.100 ServerApp] Replacing stale connection: 4a358e38-58f0-469d-8e77-a0cbd4249bb3:facecb2b-6856-432b-b16c-e2c5921f3089
[I 2026-03-11 17:03:07.100 ServerApp] Adapting from protocol version 5.3 (kernel 4a358e38-58f0-469d-8e77-a0cbd4249bb3) to 5.4 (client).
[I 2026-03-11 17:03:07.101 ServerApp] Connecting to kernel 4a358e38-58f0-469d-8e77-a0cbd4249bb3.
[W 2026-03-11 17:03:07.107 ServerApp] 
[W 2026-03-11 17:03:07.107 ServerApp] 
[W 2026-03-11 17:03:07.109 ServerApp] 
[W 2026-03-11 17:03:07.109 ServerApp] 
[W 2026-03-11 17:03:07.213 ServerApp] 
[W 2026-03-11 17:03:07.215 ServerApp] 
[W 2026-03-11 17:03:07.216 ServerApp] 
[W 2026-03-11 17:03:07.217 ServerApp] 
[W 2026-03-11 17:03:07.218 ServerApp] 
[W 2026-03-11 17:03:07.219 ServerApp] 
[W 2026-03-11 17:03:07.219 ServerApp] 
[W 2026-03-11 17:03:07.220 ServerApp] 
[W 2026-03-11 17:03:07.221 ServerApp] 
[W 2026-03-11 17:03:07.221 ServerApp] 
[W 2026-03-11 17:03:07.222 ServerApp] 
[W 2026-03-11 17:03:07.328 ServerApp] 
[W 2026-03-11 17:03:07.328 ServerApp] 
[W 2026-03-11 17:03:07.331 ServerApp] 
[W 2026-03-11 17:03:07.332 ServerApp] 
[W 2026-03-11 17:06:07.102 ServerApp] WebSocket ping timeout after 119902 ms.
[I 2026-03-11 17:06:08.936 ServerApp] Starting buffering for 4a358e38-58f0-469d-8e77-a0cbd4249bb3:facecb2b-6856-432b-b16c-e2c5921f3089
[I 2026-03-11 17:06:09.154 ServerApp] Adapting from protocol version 5.3 (kernel 4a358e38-58f0-469d-8e77-a0cbd4249bb3) to 5.4 (client).
[I 2026-03-11 17:06:09.155 ServerApp] Connecting to kernel 4a358e38-58f0-469d-8e77-a0cbd4249bb3.
[I 2026-03-11 17:06:09.155 ServerApp] Restoring connection for 4a358e38-58f0-469d-8e77-a0cbd4249bb3:facecb2b-6856-432b-b16c-e2c5921f3089
[W 2026-03-11 17:06:23.433 ServerApp] WebSocket ping timeout after 119878 ms.
[I 2026-03-11 17:06:28.436 ServerApp] Starting buffering for 86ccf53a-e00d-4a77-82c2-6144e59fac01:83fd825c-c4f7-45cf-a219-e3ee0a9dc17e
[I 2026-03-11 17:06:28.732 ServerApp] Adapting from protocol version 5.3 (kernel 86ccf53a-e00d-4a77-82c2-6144e59fac01) to 5.4 (client).
[I 2026-03-11 17:06:28.733 ServerApp] Connecting to kernel 86ccf53a-e00d-4a77-82c2-6144e59fac01.
[I 2026-03-11 17:06:28.733 ServerApp] Restoring connection for 86ccf53a-e00d-4a77-82c2-6144e59fac01:83fd825c-c4f7-45cf-a219-e3ee0a9dc17e
[W 2026-03-11 17:19:24.210 ServerApp] error on read: [Errno 113] No route to host
[W 2026-03-11 17:20:39.158 ServerApp] WebSocket ping timeout after 119904 ms.
[I 2026-03-11 17:20:44.160 ServerApp] Starting buffering for 4a358e38-58f0-469d-8e77-a0cbd4249bb3:facecb2b-6856-432b-b16c-e2c5921f3089
[W 2026-03-11 17:20:58.737 ServerApp] WebSocket ping timeout after 105389 ms.
[I 2026-03-11 17:21:03.739 ServerApp] Starting buffering for 86ccf53a-e00d-4a77-82c2-6144e59fac01:83fd825c-c4f7-45cf-a219-e3ee0a9dc17e
[I 2026-03-11 17:21:28.067 ServerApp] Adapting from protocol version 5.3 (kernel 4a358e38-58f0-469d-8e77-a0cbd4249bb3) to 5.4 (client).
[I 2026-03-11 17:21:28.069 ServerApp] Connecting to kernel 4a358e38-58f0-469d-8e77-a0cbd4249bb3.
[I 2026-03-11 17:21:28.069 ServerApp] Restoring connection for 4a358e38-58f0-469d-8e77-a0cbd4249bb3:facecb2b-6856-432b-b16c-e2c5921f3089
[I 2026-03-11 17:21:28.281 ServerApp] Adapting from protocol version 5.3 (kernel 86ccf53a-e00d-4a77-82c2-6144e59fac01) to 5.4 (client).
[I 2026-03-11 17:21:28.281 ServerApp] Connecting to kernel 86ccf53a-e00d-4a77-82c2-6144e59fac01.
[I 2026-03-11 17:21:28.282 ServerApp] Restoring connection for 86ccf53a-e00d-4a77-82c2-6144e59fac01:83fd825c-c4f7-45cf-a219-e3ee0a9dc17e
[W 2026-03-11 18:00:28.072 ServerApp] WebSocket ping timeout after 119909 ms.
[W 2026-03-11 18:00:28.283 ServerApp] WebSocket ping timeout after 119911 ms.
[I 2026-03-11 18:00:33.074 ServerApp] Starting buffering for 4a358e38-58f0-469d-8e77-a0cbd4249bb3:facecb2b-6856-432b-b16c-e2c5921f3089
[I 2026-03-11 18:00:33.284 ServerApp] Starting buffering for 86ccf53a-e00d-4a77-82c2-6144e59fac01:83fd825c-c4f7-45cf-a219-e3ee0a9dc17e
[I 2026-03-11 18:06:06.973 ServerApp] Adapting from protocol version 5.3 (kernel 4a358e38-58f0-469d-8e77-a0cbd4249bb3) to 5.4 (client).
[I 2026-03-11 18:06:06.974 ServerApp] Connecting to kernel 4a358e38-58f0-469d-8e77-a0cbd4249bb3.
[I 2026-03-11 18:06:06.974 ServerApp] Restoring connection for 4a358e38-58f0-469d-8e77-a0cbd4249bb3:facecb2b-6856-432b-b16c-e2c5921f3089
[I 2026-03-11 18:06:07.147 ServerApp] Adapting from protocol version 5.3 (kernel 86ccf53a-e00d-4a77-82c2-6144e59fac01) to 5.4 (client).
[I 2026-03-11 18:06:07.148 ServerApp] Connecting to kernel 86ccf53a-e00d-4a77-82c2-6144e59fac01.
[I 2026-03-11 18:06:07.148 ServerApp] Restoring connection for 86ccf53a-e00d-4a77-82c2-6144e59fac01:83fd825c-c4f7-45cf-a219-e3ee0a9dc17e
[W 2026-03-11 18:07:36.977 ServerApp] WebSocket ping timeout after 90003 ms.
[W 2026-03-11 18:07:37.149 ServerApp] WebSocket ping timeout after 90000 ms.
[I 2026-03-11 18:07:41.980 ServerApp] Starting buffering for 4a358e38-58f0-469d-8e77-a0cbd4249bb3:facecb2b-6856-432b-b16c-e2c5921f3089
[I 2026-03-11 18:07:42.151 ServerApp] Starting buffering for 86ccf53a-e00d-4a77-82c2-6144e59fac01:83fd825c-c4f7-45cf-a219-e3ee0a9dc17e
[I 2026-03-11 18:15:21.486 ServerApp] Adapting from protocol version 5.3 (kernel 4a358e38-58f0-469d-8e77-a0cbd4249bb3) to 5.4 (client).
[I 2026-03-11 18:15:21.486 ServerApp] Connecting to kernel 4a358e38-58f0-469d-8e77-a0cbd4249bb3.
[I 2026-03-11 18:15:21.486 ServerApp] Restoring connection for 4a358e38-58f0-469d-8e77-a0cbd4249bb3:facecb2b-6856-432b-b16c-e2c5921f3089
[I 2026-03-11 18:15:21.784 ServerApp] Adapting from protocol version 5.3 (kernel 86ccf53a-e00d-4a77-82c2-6144e59fac01) to 5.4 (client).
[I 2026-03-11 18:15:21.784 ServerApp] Connecting to kernel 86ccf53a-e00d-4a77-82c2-6144e59fac01.
[I 2026-03-11 18:15:21.784 ServerApp] Restoring connection for 86ccf53a-e00d-4a77-82c2-6144e59fac01:83fd825c-c4f7-45cf-a219-e3ee0a9dc17e
[W 2026-03-11 18:15:31.122 ServerApp] error on read: [Errno 113] No route to host
[W 2026-03-11 18:15:59.794 ServerApp] error on read: [Errno 113] No route to host
[I 2026-03-11 18:19:31.924 ServerApp] Starting buffering for 86ccf53a-e00d-4a77-82c2-6144e59fac01:83fd825c-c4f7-45cf-a219-e3ee0a9dc17e
[I 2026-03-11 18:19:31.925 ServerApp] Starting buffering for 4a358e38-58f0-469d-8e77-a0cbd4249bb3:facecb2b-6856-432b-b16c-e2c5921f3089
[I 2026-03-11 18:19:32.007 ServerApp] Adapting from protocol version 5.3 (kernel 86ccf53a-e00d-4a77-82c2-6144e59fac01) to 5.4 (client).
[I 2026-03-11 18:19:32.008 ServerApp] Connecting to kernel 86ccf53a-e00d-4a77-82c2-6144e59fac01.
[I 2026-03-11 18:19:32.008 ServerApp] Restoring connection for 86ccf53a-e00d-4a77-82c2-6144e59fac01:83fd825c-c4f7-45cf-a219-e3ee0a9dc17e
[I 2026-03-11 18:19:32.181 ServerApp] Adapting from protocol version 5.3 (kernel 4a358e38-58f0-469d-8e77-a0cbd4249bb3) to 5.4 (client).
[I 2026-03-11 18:19:32.182 ServerApp] Connecting to kernel 4a358e38-58f0-469d-8e77-a0cbd4249bb3.
[I 2026-03-11 18:19:32.182 ServerApp] Restoring connection for 4a358e38-58f0-469d-8e77-a0cbd4249bb3:facecb2b-6856-432b-b16c-e2c5921f3089
[I 2026-03-11 19:48:14.154 ServerApp] Starting buffering for 4a358e38-58f0-469d-8e77-a0cbd4249bb3:facecb2b-6856-432b-b16c-e2c5921f3089
[I 2026-03-11 19:48:14.155 ServerApp] Starting buffering for 86ccf53a-e00d-4a77-82c2-6144e59fac01:83fd825c-c4f7-45cf-a219-e3ee0a9dc17e
[I 2026-03-11 19:48:14.352 ServerApp] Adapting from protocol version 5.3 (kernel 4a358e38-58f0-469d-8e77-a0cbd4249bb3) to 5.4 (client).
[I 2026-03-11 19:48:14.352 ServerApp] Connecting to kernel 4a358e38-58f0-469d-8e77-a0cbd4249bb3.
[I 2026-03-11 19:48:14.353 ServerApp] Restoring connection for 4a358e38-58f0-469d-8e77-a0cbd4249bb3:facecb2b-6856-432b-b16c-e2c5921f3089
[I 2026-03-11 19:48:14.680 ServerApp] Adapting from protocol version 5.3 (kernel 86ccf53a-e00d-4a77-82c2-6144e59fac01) to 5.4 (client).
[I 2026-03-11 19:48:14.680 ServerApp] Connecting to kernel 86ccf53a-e00d-4a77-82c2-6144e59fac01.
[I 2026-03-11 19:48:14.680 ServerApp] Restoring connection for 86ccf53a-e00d-4a77-82c2-6144e59fac01:83fd825c-c4f7-45cf-a219-e3ee0a9dc17e
[W 2026-03-11 19:49:44.354 ServerApp] WebSocket ping timeout after 90001 ms.
[W 2026-03-11 19:49:44.681 ServerApp] WebSocket ping timeout after 90000 ms.
[I 2026-03-11 19:49:49.358 ServerApp] Starting buffering for 4a358e38-58f0-469d-8e77-a0cbd4249bb3:facecb2b-6856-432b-b16c-e2c5921f3089
[I 2026-03-11 19:49:49.682 ServerApp] Starting buffering for 86ccf53a-e00d-4a77-82c2-6144e59fac01:83fd825c-c4f7-45cf-a219-e3ee0a9dc17e
[I 2026-03-11 20:42:10.959 ServerApp] Adapting from protocol version 5.3 (kernel 4a358e38-58f0-469d-8e77-a0cbd4249bb3) to 5.4 (client).
[I 2026-03-11 20:42:10.960 ServerApp] Connecting to kernel 4a358e38-58f0-469d-8e77-a0cbd4249bb3.
[I 2026-03-11 20:42:10.960 ServerApp] Restoring connection for 4a358e38-58f0-469d-8e77-a0cbd4249bb3:facecb2b-6856-432b-b16c-e2c5921f3089
[I 2026-03-11 20:42:11.658 ServerApp] Adapting from protocol version 5.3 (kernel 86ccf53a-e00d-4a77-82c2-6144e59fac01) to 5.4 (client).
[I 2026-03-11 20:42:11.658 ServerApp] Connecting to kernel 86ccf53a-e00d-4a77-82c2-6144e59fac01.
[I 2026-03-11 20:42:11.658 ServerApp] Restoring connection for 86ccf53a-e00d-4a77-82c2-6144e59fac01:83fd825c-c4f7-45cf-a219-e3ee0a9dc17e
[I 2026-03-12 01:06:24.329 ServerApp] Starting buffering for 86ccf53a-e00d-4a77-82c2-6144e59fac01:83fd825c-c4f7-45cf-a219-e3ee0a9dc17e
[I 2026-03-12 01:06:24.329 ServerApp] Starting buffering for 4a358e38-58f0-469d-8e77-a0cbd4249bb3:facecb2b-6856-432b-b16c-e2c5921f3089
[I 2026-03-12 01:06:25.350 ServerApp] Adapting from protocol version 5.3 (kernel 86ccf53a-e00d-4a77-82c2-6144e59fac01) to 5.4 (client).
[I 2026-03-12 01:06:25.350 ServerApp] Connecting to kernel 86ccf53a-e00d-4a77-82c2-6144e59fac01.
[I 2026-03-12 01:06:25.350 ServerApp] Restoring connection for 86ccf53a-e00d-4a77-82c2-6144e59fac01:83fd825c-c4f7-45cf-a219-e3ee0a9dc17e
[I 2026-03-12 01:06:25.530 ServerApp] Adapting from protocol version 5.3 (kernel 4a358e38-58f0-469d-8e77-a0cbd4249bb3) to 5.4 (client).
[I 2026-03-12 01:06:25.530 ServerApp] Connecting to kernel 4a358e38-58f0-469d-8e77-a0cbd4249bb3.
[I 2026-03-12 01:06:25.530 ServerApp] Restoring connection for 4a358e38-58f0-469d-8e77-a0cbd4249bb3:facecb2b-6856-432b-b16c-e2c5921f3089
[W 2026-03-12 01:09:25.353 ServerApp] WebSocket ping timeout after 119917 ms.
[W 2026-03-12 01:09:25.531 ServerApp] WebSocket ping timeout after 119924 ms.
[I 2026-03-12 01:09:30.356 ServerApp] Starting buffering for 86ccf53a-e00d-4a77-82c2-6144e59fac01:83fd825c-c4f7-45cf-a219-e3ee0a9dc17e
[I 2026-03-12 01:09:30.533 ServerApp] Starting buffering for 4a358e38-58f0-469d-8e77-a0cbd4249bb3:facecb2b-6856-432b-b16c-e2c5921f3089
[I 2026-03-12 04:09:05.828 ServerApp] Adapting from protocol version 5.3 (kernel 86ccf53a-e00d-4a77-82c2-6144e59fac01) to 5.4 (client).
[I 2026-03-12 04:09:05.829 ServerApp] Connecting to kernel 86ccf53a-e00d-4a77-82c2-6144e59fac01.
[I 2026-03-12 04:09:05.829 ServerApp] Restoring connection for 86ccf53a-e00d-4a77-82c2-6144e59fac01:83fd825c-c4f7-45cf-a219-e3ee0a9dc17e
[I 2026-03-12 04:09:06.055 ServerApp] Adapting from protocol version 5.3 (kernel 4a358e38-58f0-469d-8e77-a0cbd4249bb3) to 5.4 (client).
[I 2026-03-12 04:09:06.056 ServerApp] Connecting to kernel 4a358e38-58f0-469d-8e77-a0cbd4249bb3.
[I 2026-03-12 04:09:06.056 ServerApp] Restoring connection for 4a358e38-58f0-469d-8e77-a0cbd4249bb3:facecb2b-6856-432b-b16c-e2c5921f3089
[W 2026-03-12 04:10:35.830 ServerApp] WebSocket ping timeout after 90001 ms.
[W 2026-03-12 04:10:36.057 ServerApp] WebSocket ping timeout after 90001 ms.
[I 2026-03-12 04:10:40.832 ServerApp] Starting buffering for 86ccf53a-e00d-4a77-82c2-6144e59fac01:83fd825c-c4f7-45cf-a219-e3ee0a9dc17e
[I 2026-03-12 04:10:41.059 ServerApp] Starting buffering for 4a358e38-58f0-469d-8e77-a0cbd4249bb3:facecb2b-6856-432b-b16c-e2c5921f3089
[W 2026-03-12 04:24:47.922 ServerApp] error on read: [Errno 113] No route to host
[I 2026-03-12 05:09:49.221 ServerApp] Adapting from protocol version 5.3 (kernel 86ccf53a-e00d-4a77-82c2-6144e59fac01) to 5.4 (client).
[I 2026-03-12 05:09:49.222 ServerApp] Connecting to kernel 86ccf53a-e00d-4a77-82c2-6144e59fac01.
[I 2026-03-12 05:09:49.222 ServerApp] Restoring connection for 86ccf53a-e00d-4a77-82c2-6144e59fac01:83fd825c-c4f7-45cf-a219-e3ee0a9dc17e
[I 2026-03-12 05:09:49.459 ServerApp] Adapting from protocol version 5.3 (kernel 4a358e38-58f0-469d-8e77-a0cbd4249bb3) to 5.4 (client).
[I 2026-03-12 05:09:49.460 ServerApp] Connecting to kernel 4a358e38-58f0-469d-8e77-a0cbd4249bb3.
[I 2026-03-12 05:09:49.460 ServerApp] Restoring connection for 4a358e38-58f0-469d-8e77-a0cbd4249bb3:facecb2b-6856-432b-b16c-e2c5921f3089
[W 2026-03-12 05:11:19.225 ServerApp] WebSocket ping timeout after 90002 ms.
[W 2026-03-12 05:11:19.461 ServerApp] WebSocket ping timeout after 90000 ms.
[I 2026-03-12 05:11:24.227 ServerApp] Starting buffering for 86ccf53a-e00d-4a77-82c2-6144e59fac01:83fd825c-c4f7-45cf-a219-e3ee0a9dc17e
[I 2026-03-12 05:11:24.462 ServerApp] Starting buffering for 4a358e38-58f0-469d-8e77-a0cbd4249bb3:facecb2b-6856-432b-b16c-e2c5921f3089
[I 2026-03-12 06:10:41.632 ServerApp] Adapting from protocol version 5.3 (kernel 86ccf53a-e00d-4a77-82c2-6144e59fac01) to 5.4 (client).
[I 2026-03-12 06:10:41.633 ServerApp] Connecting to kernel 86ccf53a-e00d-4a77-82c2-6144e59fac01.
[I 2026-03-12 06:10:41.633 ServerApp] Restoring connection for 86ccf53a-e00d-4a77-82c2-6144e59fac01:83fd825c-c4f7-45cf-a219-e3ee0a9dc17e
[I 2026-03-12 06:10:41.864 ServerApp] Adapting from protocol version 5.3 (kernel 4a358e38-58f0-469d-8e77-a0cbd4249bb3) to 5.4 (client).
[I 2026-03-12 06:10:41.865 ServerApp] Connecting to kernel 4a358e38-58f0-469d-8e77-a0cbd4249bb3.
[I 2026-03-12 06:10:41.865 ServerApp] Restoring connection for 4a358e38-58f0-469d-8e77-a0cbd4249bb3:facecb2b-6856-432b-b16c-e2c5921f3089
[W 2026-03-12 06:12:11.634 ServerApp] WebSocket ping timeout after 90001 ms.
[W 2026-03-12 06:12:11.866 ServerApp] WebSocket ping timeout after 90001 ms.
[I 2026-03-12 06:12:16.638 ServerApp] Starting buffering for 86ccf53a-e00d-4a77-82c2-6144e59fac01:83fd825c-c4f7-45cf-a219-e3ee0a9dc17e
[I 2026-03-12 06:12:16.868 ServerApp] Starting buffering for 4a358e38-58f0-469d-8e77-a0cbd4249bb3:facecb2b-6856-432b-b16c-e2c5921f3089
[I 2026-03-12 06:58:10.188 ServerApp] Adapting from protocol version 5.3 (kernel 86ccf53a-e00d-4a77-82c2-6144e59fac01) to 5.4 (client).
[I 2026-03-12 06:58:10.189 ServerApp] Connecting to kernel 86ccf53a-e00d-4a77-82c2-6144e59fac01.
[I 2026-03-12 06:58:10.189 ServerApp] Restoring connection for 86ccf53a-e00d-4a77-82c2-6144e59fac01:83fd825c-c4f7-45cf-a219-e3ee0a9dc17e
[I 2026-03-12 06:58:10.397 ServerApp] Adapting from protocol version 5.3 (kernel 4a358e38-58f0-469d-8e77-a0cbd4249bb3) to 5.4 (client).
[I 2026-03-12 06:58:10.398 ServerApp] Connecting to kernel 4a358e38-58f0-469d-8e77-a0cbd4249bb3.
[I 2026-03-12 06:58:10.398 ServerApp] Restoring connection for 4a358e38-58f0-469d-8e77-a0cbd4249bb3:facecb2b-6856-432b-b16c-e2c5921f3089
[W 2026-03-12 06:59:40.192 ServerApp] WebSocket ping timeout after 90002 ms.
[W 2026-03-12 06:59:40.400 ServerApp] WebSocket ping timeout after 90002 ms.
[I 2026-03-12 06:59:45.195 ServerApp] Starting buffering for 86ccf53a-e00d-4a77-82c2-6144e59fac01:83fd825c-c4f7-45cf-a219-e3ee0a9dc17e
[I 2026-03-12 06:59:45.403 ServerApp] Starting buffering for 4a358e38-58f0-469d-8e77-a0cbd4249bb3:facecb2b-6856-432b-b16c-e2c5921f3089
[I 2026-03-12 07:11:50.909 ServerApp] Adapting from protocol version 5.3 (kernel 86ccf53a-e00d-4a77-82c2-6144e59fac01) to 5.4 (client).
[I 2026-03-12 07:11:50.909 ServerApp] Connecting to kernel 86ccf53a-e00d-4a77-82c2-6144e59fac01.
[I 2026-03-12 07:11:50.910 ServerApp] Restoring connection for 86ccf53a-e00d-4a77-82c2-6144e59fac01:83fd825c-c4f7-45cf-a219-e3ee0a9dc17e
[I 2026-03-12 07:11:51.119 ServerApp] Adapting from protocol version 5.3 (kernel 4a358e38-58f0-469d-8e77-a0cbd4249bb3) to 5.4 (client).
[I 2026-03-12 07:11:51.119 ServerApp] Connecting to kernel 4a358e38-58f0-469d-8e77-a0cbd4249bb3.
[I 2026-03-12 07:11:51.119 ServerApp] Restoring connection for 4a358e38-58f0-469d-8e77-a0cbd4249bb3:facecb2b-6856-432b-b16c-e2c5921f3089
[W 2026-03-12 07:13:20.911 ServerApp] WebSocket ping timeout after 90002 ms.
[W 2026-03-12 07:13:21.121 ServerApp] WebSocket ping timeout after 90002 ms.
[I 2026-03-12 07:13:25.913 ServerApp] Starting buffering for 86ccf53a-e00d-4a77-82c2-6144e59fac01:83fd825c-c4f7-45cf-a219-e3ee0a9dc17e
[I 2026-03-12 07:13:26.123 ServerApp] Starting buffering for 4a358e38-58f0-469d-8e77-a0cbd4249bb3:facecb2b-6856-432b-b16c-e2c5921f3089
[I 2026-03-12 08:44:11.564 ServerApp] Adapting from protocol version 5.3 (kernel 86ccf53a-e00d-4a77-82c2-6144e59fac01) to 5.4 (client).
[I 2026-03-12 08:44:11.566 ServerApp] Connecting to kernel 86ccf53a-e00d-4a77-82c2-6144e59fac01.
[I 2026-03-12 08:44:11.566 ServerApp] Restoring connection for 86ccf53a-e00d-4a77-82c2-6144e59fac01:83fd825c-c4f7-45cf-a219-e3ee0a9dc17e
[I 2026-03-12 08:44:12.466 ServerApp] Adapting from protocol version 5.3 (kernel 4a358e38-58f0-469d-8e77-a0cbd4249bb3) to 5.4 (client).
[I 2026-03-12 08:44:12.467 ServerApp] Connecting to kernel 4a358e38-58f0-469d-8e77-a0cbd4249bb3.
[I 2026-03-12 08:44:12.467 ServerApp] Restoring connection for 4a358e38-58f0-469d-8e77-a0cbd4249bb3:facecb2b-6856-432b-b16c-e2c5921f3089
[W 2026-03-12 11:52:36.213 ServerApp] Replacing stale connection: 86ccf53a-e00d-4a77-82c2-6144e59fac01:83fd825c-c4f7-45cf-a219-e3ee0a9dc17e
[I 2026-03-12 11:52:36.213 ServerApp] Adapting from protocol version 5.3 (kernel 86ccf53a-e00d-4a77-82c2-6144e59fac01) to 5.4 (client).
[I 2026-03-12 11:52:36.214 ServerApp] Connecting to kernel 86ccf53a-e00d-4a77-82c2-6144e59fac01.
[W 2026-03-12 11:52:36.221 ServerApp] 
[W 2026-03-12 11:52:36.222 ServerApp] 
[W 2026-03-12 11:52:36.222 ServerApp] 
[W 2026-03-12 11:52:36.223 ServerApp] 
[W 2026-03-12 11:52:36.801 ServerApp] 
[W 2026-03-12 11:52:36.802 ServerApp] 
[W 2026-03-12 11:52:36.803 ServerApp] 
[W 2026-03-12 11:52:36.803 ServerApp] 
[W 2026-03-12 11:52:36.804 ServerApp] 
[W 2026-03-12 11:52:36.804 ServerApp] 
[W 2026-03-12 11:52:36.805 ServerApp] 
[W 2026-03-12 11:52:36.806 ServerApp] 
[W 2026-03-12 11:52:36.806 ServerApp] 
[W 2026-03-12 11:52:36.954 ServerApp] 
[W 2026-03-12 11:52:36.955 ServerApp] 
[W 2026-03-12 11:52:36.956 ServerApp] 
[W 2026-03-12 11:52:36.957 ServerApp] 
[W 2026-03-12 11:52:38.459 ServerApp] 
[W 2026-03-12 11:52:38.459 ServerApp] 
[W 2026-03-12 11:58:12.469 ServerApp] WebSocket ping timeout after 90814 ms.
[I 2026-03-12 11:58:17.471 ServerApp] Starting buffering for 4a358e38-58f0-469d-8e77-a0cbd4249bb3:facecb2b-6856-432b-b16c-e2c5921f3089
[W 2026-03-12 12:00:06.216 ServerApp] WebSocket ping timeout after 119979 ms.
[I 2026-03-12 12:00:11.218 ServerApp] Starting buffering for 86ccf53a-e00d-4a77-82c2-6144e59fac01:83fd825c-c4f7-45cf-a219-e3ee0a9dc17e
[I 2026-03-12 12:03:12.091 ServerApp] Adapting from protocol version 5.3 (kernel 4a358e38-58f0-469d-8e77-a0cbd4249bb3) to 5.4 (client).
[I 2026-03-12 12:03:12.091 ServerApp] Connecting to kernel 4a358e38-58f0-469d-8e77-a0cbd4249bb3.
[I 2026-03-12 12:03:12.092 ServerApp] Restoring connection for 4a358e38-58f0-469d-8e77-a0cbd4249bb3:facecb2b-6856-432b-b16c-e2c5921f3089
[I 2026-03-12 12:03:53.695 ServerApp] Adapting from protocol version 5.3 (kernel 86ccf53a-e00d-4a77-82c2-6144e59fac01) to 5.4 (client).
[I 2026-03-12 12:03:53.696 ServerApp] Connecting to kernel 86ccf53a-e00d-4a77-82c2-6144e59fac01.
[I 2026-03-12 12:03:53.696 ServerApp] Restoring connection for 86ccf53a-e00d-4a77-82c2-6144e59fac01:83fd825c-c4f7-45cf-a219-e3ee0a9dc17e
[W 2026-03-12 12:09:42.094 ServerApp] WebSocket ping timeout after 115536 ms.
[I 2026-03-12 12:09:42.111 ServerApp] Starting buffering for 4a358e38-58f0-469d-8e77-a0cbd4249bb3:facecb2b-6856-432b-b16c-e2c5921f3089
[I 2026-03-12 12:09:42.157 ServerApp] Adapting from protocol version 5.3 (kernel 4a358e38-58f0-469d-8e77-a0cbd4249bb3) to 5.4 (client).
[I 2026-03-12 12:09:42.158 ServerApp] Connecting to kernel 4a358e38-58f0-469d-8e77-a0cbd4249bb3.
[I 2026-03-12 12:09:42.158 ServerApp] Restoring connection for 4a358e38-58f0-469d-8e77-a0cbd4249bb3:facecb2b-6856-432b-b16c-e2c5921f3089
[W 2026-03-12 12:11:23.697 ServerApp] WebSocket ping timeout after 119987 ms.
[I 2026-03-12 12:11:28.700 ServerApp] Starting buffering for 86ccf53a-e00d-4a77-82c2-6144e59fac01:83fd825c-c4f7-45cf-a219-e3ee0a9dc17e
[W 2026-03-12 12:15:12.160 ServerApp] WebSocket ping timeout after 119989 ms.
[I 2026-03-12 12:15:17.162 ServerApp] Starting buffering for 4a358e38-58f0-469d-8e77-a0cbd4249bb3:facecb2b-6856-432b-b16c-e2c5921f3089
[I 2026-03-12 12:16:25.918 ServerApp] Adapting from protocol version 5.3 (kernel 86ccf53a-e00d-4a77-82c2-6144e59fac01) to 5.4 (client).
[I 2026-03-12 12:16:25.918 ServerApp] Connecting to kernel 86ccf53a-e00d-4a77-82c2-6144e59fac01.
[I 2026-03-12 12:16:25.918 ServerApp] Restoring connection for 86ccf53a-e00d-4a77-82c2-6144e59fac01:83fd825c-c4f7-45cf-a219-e3ee0a9dc17e
[W 2026-03-12 12:17:55.920 ServerApp] WebSocket ping timeout after 90001 ms.
[I 2026-03-12 12:18:00.925 ServerApp] Starting buffering for 86ccf53a-e00d-4a77-82c2-6144e59fac01:83fd825c-c4f7-45cf-a219-e3ee0a9dc17e
[I 2026-03-12 12:19:12.748 ServerApp] Adapting from protocol version 5.3 (kernel 4a358e38-58f0-469d-8e77-a0cbd4249bb3) to 5.4 (client).
[I 2026-03-12 12:19:12.749 ServerApp] Connecting to kernel 4a358e38-58f0-469d-8e77-a0cbd4249bb3.
[I 2026-03-12 12:19:12.749 ServerApp] Restoring connection for 4a358e38-58f0-469d-8e77-a0cbd4249bb3:facecb2b-6856-432b-b16c-e2c5921f3089
[I 2026-03-12 12:19:41.031 ServerApp] Adapting from protocol version 5.3 (kernel 86ccf53a-e00d-4a77-82c2-6144e59fac01) to 5.4 (client).
[I 2026-03-12 12:19:41.032 ServerApp] Connecting to kernel 86ccf53a-e00d-4a77-82c2-6144e59fac01.
[I 2026-03-12 12:19:41.032 ServerApp] Restoring connection for 86ccf53a-e00d-4a77-82c2-6144e59fac01:83fd825c-c4f7-45cf-a219-e3ee0a9dc17e
[W 2026-03-12 12:22:12.751 ServerApp] WebSocket ping timeout after 90067 ms.
[I 2026-03-12 12:22:17.753 ServerApp] Starting buffering for 4a358e38-58f0-469d-8e77-a0cbd4249bb3:facecb2b-6856-432b-b16c-e2c5921f3089
[W 2026-03-12 12:22:41.033 ServerApp] WebSocket ping timeout after 104510 ms.
[I 2026-03-12 12:22:46.036 ServerApp] Starting buffering for 86ccf53a-e00d-4a77-82c2-6144e59fac01:83fd825c-c4f7-45cf-a219-e3ee0a9dc17e
[I 2026-03-12 12:27:28.559 ServerApp] Adapting from protocol version 5.3 (kernel 86ccf53a-e00d-4a77-82c2-6144e59fac01) to 5.4 (client).
[I 2026-03-12 12:27:28.559 ServerApp] Connecting to kernel 86ccf53a-e00d-4a77-82c2-6144e59fac01.
[I 2026-03-12 12:27:28.559 ServerApp] Restoring connection for 86ccf53a-e00d-4a77-82c2-6144e59fac01:83fd825c-c4f7-45cf-a219-e3ee0a9dc17e
[I 2026-03-12 12:28:44.175 ServerApp] Adapting from protocol version 5.3 (kernel 4a358e38-58f0-469d-8e77-a0cbd4249bb3) to 5.4 (client).
[I 2026-03-12 12:28:44.176 ServerApp] Connecting to kernel 4a358e38-58f0-469d-8e77-a0cbd4249bb3.
[I 2026-03-12 12:28:44.176 ServerApp] Restoring connection for 4a358e38-58f0-469d-8e77-a0cbd4249bb3:facecb2b-6856-432b-b16c-e2c5921f3089
[W 2026-03-12 12:33:58.561 ServerApp] WebSocket ping timeout after 119607 ms.
[I 2026-03-12 12:34:03.562 ServerApp] Starting buffering for 86ccf53a-e00d-4a77-82c2-6144e59fac01:83fd825c-c4f7-45cf-a219-e3ee0a9dc17e
[I 2026-03-12 12:34:03.603 ServerApp] Adapting from protocol version 5.3 (kernel 86ccf53a-e00d-4a77-82c2-6144e59fac01) to 5.4 (client).
[I 2026-03-12 12:34:03.604 ServerApp] Connecting to kernel 86ccf53a-e00d-4a77-82c2-6144e59fac01.
[I 2026-03-12 12:34:03.604 ServerApp] Restoring connection for 86ccf53a-e00d-4a77-82c2-6144e59fac01:83fd825c-c4f7-45cf-a219-e3ee0a9dc17e
[W 2026-03-12 12:37:03.607 ServerApp] WebSocket ping timeout after 119977 ms.
[I 2026-03-12 12:37:08.608 ServerApp] Starting buffering for 86ccf53a-e00d-4a77-82c2-6144e59fac01:83fd825c-c4f7-45cf-a219-e3ee0a9dc17e
[I 2026-03-12 12:37:08.656 ServerApp] Adapting from protocol version 5.3 (kernel 86ccf53a-e00d-4a77-82c2-6144e59fac01) to 5.4 (client).
[I 2026-03-12 12:37:08.656 ServerApp] Connecting to kernel 86ccf53a-e00d-4a77-82c2-6144e59fac01.
[I 2026-03-12 12:37:08.656 ServerApp] Restoring connection for 86ccf53a-e00d-4a77-82c2-6144e59fac01:83fd825c-c4f7-45cf-a219-e3ee0a9dc17e
[W 2026-03-12 12:37:44.177 ServerApp] WebSocket ping timeout after 109820 ms.
[I 2026-03-12 12:37:49.181 ServerApp] Starting buffering for 4a358e38-58f0-469d-8e77-a0cbd4249bb3:facecb2b-6856-432b-b16c-e2c5921f3089
[I 2026-03-12 12:38:55.795 ServerApp] Adapting from protocol version 5.3 (kernel 4a358e38-58f0-469d-8e77-a0cbd4249bb3) to 5.4 (client).
[I 2026-03-12 12:38:55.795 ServerApp] Connecting to kernel 4a358e38-58f0-469d-8e77-a0cbd4249bb3.
[I 2026-03-12 12:38:55.795 ServerApp] Restoring connection for 4a358e38-58f0-469d-8e77-a0cbd4249bb3:facecb2b-6856-432b-b16c-e2c5921f3089
[W 2026-03-12 12:41:55.796 ServerApp] WebSocket ping timeout after 119983 ms.
[I 2026-03-12 12:42:00.801 ServerApp] Starting buffering for 4a358e38-58f0-469d-8e77-a0cbd4249bb3:facecb2b-6856-432b-b16c-e2c5921f3089
[W 2026-03-12 12:42:24.409 ServerApp] Replacing stale connection: 86ccf53a-e00d-4a77-82c2-6144e59fac01:83fd825c-c4f7-45cf-a219-e3ee0a9dc17e
[I 2026-03-12 12:42:24.410 ServerApp] Adapting from protocol version 5.3 (kernel 86ccf53a-e00d-4a77-82c2-6144e59fac01) to 5.4 (client).
[I 2026-03-12 12:42:24.410 ServerApp] Connecting to kernel 86ccf53a-e00d-4a77-82c2-6144e59fac01.
[W 2026-03-12 12:42:24.415 ServerApp] 
[W 2026-03-12 12:42:24.416 ServerApp] 
[W 2026-03-12 12:42:24.417 ServerApp] 
[W 2026-03-12 12:42:24.418 ServerApp] 
[W 2026-03-12 12:42:24.440 ServerApp] 
[W 2026-03-12 12:42:24.441 ServerApp] 
[I 2026-03-12 12:44:26.305 ServerApp] Adapting from protocol version 5.3 (kernel 4a358e38-58f0-469d-8e77-a0cbd4249bb3) to 5.4 (client).
[I 2026-03-12 12:44:26.305 ServerApp] Connecting to kernel 4a358e38-58f0-469d-8e77-a0cbd4249bb3.
[I 2026-03-12 12:44:26.306 ServerApp] Restoring connection for 4a358e38-58f0-469d-8e77-a0cbd4249bb3:facecb2b-6856-432b-b16c-e2c5921f3089
[W 2026-03-12 12:46:54.412 ServerApp] WebSocket ping timeout after 116220 ms.
[I 2026-03-12 12:46:59.414 ServerApp] Starting buffering for 86ccf53a-e00d-4a77-82c2-6144e59fac01:83fd825c-c4f7-45cf-a219-e3ee0a9dc17e
[I 2026-03-12 12:51:45.128 ServerApp] Adapting from protocol version 5.3 (kernel 86ccf53a-e00d-4a77-82c2-6144e59fac01) to 5.4 (client).
[I 2026-03-12 12:51:45.129 ServerApp] Connecting to kernel 86ccf53a-e00d-4a77-82c2-6144e59fac01.
[I 2026-03-12 12:51:45.129 ServerApp] Restoring connection for 86ccf53a-e00d-4a77-82c2-6144e59fac01:83fd825c-c4f7-45cf-a219-e3ee0a9dc17e
[W 2026-03-12 12:53:56.306 ServerApp] WebSocket ping timeout after 119988 ms.
[I 2026-03-12 12:54:01.308 ServerApp] Starting buffering for 4a358e38-58f0-469d-8e77-a0cbd4249bb3:facecb2b-6856-432b-b16c-e2c5921f3089
[W 2026-03-12 12:54:15.131 ServerApp] WebSocket ping timeout after 116346 ms.
[I 2026-03-12 12:54:20.134 ServerApp] Starting buffering for 86ccf53a-e00d-4a77-82c2-6144e59fac01:83fd825c-c4f7-45cf-a219-e3ee0a9dc17e
[I 2026-03-12 12:57:57.547 ServerApp] Adapting from protocol version 5.3 (kernel 4a358e38-58f0-469d-8e77-a0cbd4249bb3) to 5.4 (client).
[I 2026-03-12 12:57:57.548 ServerApp] Connecting to kernel 4a358e38-58f0-469d-8e77-a0cbd4249bb3.
[I 2026-03-12 12:57:57.548 ServerApp] Restoring connection for 4a358e38-58f0-469d-8e77-a0cbd4249bb3:facecb2b-6856-432b-b16c-e2c5921f3089
[W 2026-03-12 12:59:27.550 ServerApp] WebSocket ping timeout after 90001 ms.
[I 2026-03-12 12:59:32.552 ServerApp] Starting buffering for 4a358e38-58f0-469d-8e77-a0cbd4249bb3:facecb2b-6856-432b-b16c-e2c5921f3089
[I 2026-03-12 12:59:37.611 ServerApp] Adapting from protocol version 5.3 (kernel 86ccf53a-e00d-4a77-82c2-6144e59fac01) to 5.4 (client).
[I 2026-03-12 12:59:37.612 ServerApp] Connecting to kernel 86ccf53a-e00d-4a77-82c2-6144e59fac01.
[I 2026-03-12 12:59:37.612 ServerApp] Restoring connection for 86ccf53a-e00d-4a77-82c2-6144e59fac01:83fd825c-c4f7-45cf-a219-e3ee0a9dc17e
[I 2026-03-12 13:00:48.928 ServerApp] Adapting from protocol version 5.3 (kernel 4a358e38-58f0-469d-8e77-a0cbd4249bb3) to 5.4 (client).
[I 2026-03-12 13:00:48.929 ServerApp] Connecting to kernel 4a358e38-58f0-469d-8e77-a0cbd4249bb3.
[I 2026-03-12 13:00:48.929 ServerApp] Restoring connection for 4a358e38-58f0-469d-8e77-a0cbd4249bb3:facecb2b-6856-432b-b16c-e2c5921f3089
[W 2026-03-12 13:01:07.616 ServerApp] WebSocket ping timeout after 90003 ms.
[I 2026-03-12 13:01:12.619 ServerApp] Starting buffering for 86ccf53a-e00d-4a77-82c2-6144e59fac01:83fd825c-c4f7-45cf-a219-e3ee0a9dc17e
[I 2026-03-12 13:02:54.221 ServerApp] Adapting from protocol version 5.3 (kernel 86ccf53a-e00d-4a77-82c2-6144e59fac01) to 5.4 (client).
[I 2026-03-12 13:02:54.221 ServerApp] Connecting to kernel 86ccf53a-e00d-4a77-82c2-6144e59fac01.
[I 2026-03-12 13:02:54.221 ServerApp] Restoring connection for 86ccf53a-e00d-4a77-82c2-6144e59fac01:83fd825c-c4f7-45cf-a219-e3ee0a9dc17e
[W 2026-03-12 13:04:18.930 ServerApp] WebSocket ping timeout after 108890 ms.
[I 2026-03-12 13:04:18.954 ServerApp] Starting buffering for 4a358e38-58f0-469d-8e77-a0cbd4249bb3:facecb2b-6856-432b-b16c-e2c5921f3089
[W 2026-03-12 13:04:24.223 ServerApp] WebSocket ping timeout after 90002 ms.
[I 2026-03-12 13:04:26.381 ServerApp] Adapting from protocol version 5.3 (kernel 4a358e38-58f0-469d-8e77-a0cbd4249bb3) to 5.4 (client).
[I 2026-03-12 13:04:26.382 ServerApp] Connecting to kernel 4a358e38-58f0-469d-8e77-a0cbd4249bb3.
[I 2026-03-12 13:04:26.382 ServerApp] Restoring connection for 4a358e38-58f0-469d-8e77-a0cbd4249bb3:facecb2b-6856-432b-b16c-e2c5921f3089
[I 2026-03-12 13:04:29.225 ServerApp] Starting buffering for 86ccf53a-e00d-4a77-82c2-6144e59fac01:83fd825c-c4f7-45cf-a219-e3ee0a9dc17e
[I 2026-03-12 13:05:40.947 ServerApp] Adapting from protocol version 5.3 (kernel 86ccf53a-e00d-4a77-82c2-6144e59fac01) to 5.4 (client).
[I 2026-03-12 13:05:40.948 ServerApp] Connecting to kernel 86ccf53a-e00d-4a77-82c2-6144e59fac01.
[I 2026-03-12 13:05:40.948 ServerApp] Restoring connection for 86ccf53a-e00d-4a77-82c2-6144e59fac01:83fd825c-c4f7-45cf-a219-e3ee0a9dc17e
[W 2026-03-12 13:07:56.383 ServerApp] WebSocket ping timeout after 107075 ms.
[I 2026-03-12 13:08:01.385 ServerApp] Starting buffering for 4a358e38-58f0-469d-8e77-a0cbd4249bb3:facecb2b-6856-432b-b16c-e2c5921f3089
[I 2026-03-12 13:08:13.093 ServerApp] Adapting from protocol version 5.3 (kernel 4a358e38-58f0-469d-8e77-a0cbd4249bb3) to 5.4 (client).
[I 2026-03-12 13:08:13.094 ServerApp] Connecting to kernel 4a358e38-58f0-469d-8e77-a0cbd4249bb3.
[I 2026-03-12 13:08:13.094 ServerApp] Restoring connection for 4a358e38-58f0-469d-8e77-a0cbd4249bb3:facecb2b-6856-432b-b16c-e2c5921f3089
[W 2026-03-12 13:10:10.949 ServerApp] WebSocket ping timeout after 117762 ms.
[I 2026-03-12 13:10:15.953 ServerApp] Starting buffering for 86ccf53a-e00d-4a77-82c2-6144e59fac01:83fd825c-c4f7-45cf-a219-e3ee0a9dc17e
[W 2026-03-12 13:11:43.097 ServerApp] WebSocket ping timeout after 119774 ms.
[I 2026-03-12 13:11:48.100 ServerApp] Starting buffering for 4a358e38-58f0-469d-8e77-a0cbd4249bb3:facecb2b-6856-432b-b16c-e2c5921f3089
[I 2026-03-12 13:11:51.575 ServerApp] Adapting from protocol version 5.3 (kernel 4a358e38-58f0-469d-8e77-a0cbd4249bb3) to 5.4 (client).
[I 2026-03-12 13:11:51.575 ServerApp] Connecting to kernel 4a358e38-58f0-469d-8e77-a0cbd4249bb3.
[I 2026-03-12 13:11:51.575 ServerApp] Restoring connection for 4a358e38-58f0-469d-8e77-a0cbd4249bb3:facecb2b-6856-432b-b16c-e2c5921f3089
[I 2026-03-12 13:13:21.126 ServerApp] Adapting from protocol version 5.3 (kernel 86ccf53a-e00d-4a77-82c2-6144e59fac01) to 5.4 (client).
[I 2026-03-12 13:13:21.127 ServerApp] Connecting to kernel 86ccf53a-e00d-4a77-82c2-6144e59fac01.
[I 2026-03-12 13:13:21.127 ServerApp] Restoring connection for 86ccf53a-e00d-4a77-82c2-6144e59fac01:83fd825c-c4f7-45cf-a219-e3ee0a9dc17e
[W 2026-03-12 13:14:51.576 ServerApp] WebSocket ping timeout after 119773 ms.
[I 2026-03-12 13:14:56.579 ServerApp] Starting buffering for 4a358e38-58f0-469d-8e77-a0cbd4249bb3:facecb2b-6856-432b-b16c-e2c5921f3089
[W 2026-03-12 13:18:51.129 ServerApp] WebSocket ping timeout after 119359 ms.
[I 2026-03-12 13:18:51.977 ServerApp] Starting buffering for 86ccf53a-e00d-4a77-82c2-6144e59fac01:83fd825c-c4f7-45cf-a219-e3ee0a9dc17e
[I 2026-03-12 13:18:54.994 ServerApp] Adapting from protocol version 5.3 (kernel 86ccf53a-e00d-4a77-82c2-6144e59fac01) to 5.4 (client).
[I 2026-03-12 13:18:54.995 ServerApp] Connecting to kernel 86ccf53a-e00d-4a77-82c2-6144e59fac01.
[I 2026-03-12 13:18:54.995 ServerApp] Restoring connection for 86ccf53a-e00d-4a77-82c2-6144e59fac01:83fd825c-c4f7-45cf-a219-e3ee0a9dc17e
[I 2026-03-12 13:20:08.968 ServerApp] Adapting from protocol version 5.3 (kernel 4a358e38-58f0-469d-8e77-a0cbd4249bb3) to 5.4 (client).
[I 2026-03-12 13:20:08.969 ServerApp] Connecting to kernel 4a358e38-58f0-469d-8e77-a0cbd4249bb3.
[I 2026-03-12 13:20:08.969 ServerApp] Restoring connection for 4a358e38-58f0-469d-8e77-a0cbd4249bb3:facecb2b-6856-432b-b16c-e2c5921f3089
[W 2026-03-12 13:20:24.998 ServerApp] WebSocket ping timeout after 90003 ms.
[I 2026-03-12 13:20:30.000 ServerApp] Starting buffering for 86ccf53a-e00d-4a77-82c2-6144e59fac01:83fd825c-c4f7-45cf-a219-e3ee0a9dc17e
[W 2026-03-12 13:21:38.971 ServerApp] WebSocket ping timeout after 90002 ms.
[I 2026-03-12 13:21:43.972 ServerApp] Starting buffering for 4a358e38-58f0-469d-8e77-a0cbd4249bb3:facecb2b-6856-432b-b16c-e2c5921f3089
[I 2026-03-12 13:21:46.594 ServerApp] Adapting from protocol version 5.3 (kernel 4a358e38-58f0-469d-8e77-a0cbd4249bb3) to 5.4 (client).
[I 2026-03-12 13:21:46.594 ServerApp] Connecting to kernel 4a358e38-58f0-469d-8e77-a0cbd4249bb3.
[I 2026-03-12 13:21:46.595 ServerApp] Restoring connection for 4a358e38-58f0-469d-8e77-a0cbd4249bb3:facecb2b-6856-432b-b16c-e2c5921f3089
[W 2026-03-12 13:23:16.598 ServerApp] WebSocket ping timeout after 90004 ms.
[I 2026-03-12 13:23:21.601 ServerApp] Starting buffering for 4a358e38-58f0-469d-8e77-a0cbd4249bb3:facecb2b-6856-432b-b16c-e2c5921f3089
[I 2026-03-12 13:23:48.905 ServerApp] Adapting from protocol version 5.3 (kernel 86ccf53a-e00d-4a77-82c2-6144e59fac01) to 5.4 (client).
[I 2026-03-12 13:23:48.906 ServerApp] Connecting to kernel 86ccf53a-e00d-4a77-82c2-6144e59fac01.
[I 2026-03-12 13:23:48.906 ServerApp] Restoring connection for 86ccf53a-e00d-4a77-82c2-6144e59fac01:83fd825c-c4f7-45cf-a219-e3ee0a9dc17e
[I 2026-03-12 13:25:56.999 ServerApp] Adapting from protocol version 5.3 (kernel 4a358e38-58f0-469d-8e77-a0cbd4249bb3) to 5.4 (client).
[I 2026-03-12 13:25:57.000 ServerApp] Connecting to kernel 4a358e38-58f0-469d-8e77-a0cbd4249bb3.
[I 2026-03-12 13:25:57.000 ServerApp] Restoring connection for 4a358e38-58f0-469d-8e77-a0cbd4249bb3:facecb2b-6856-432b-b16c-e2c5921f3089
[W 2026-03-12 13:26:18.908 ServerApp] WebSocket ping timeout after 116799 ms.
[I 2026-03-12 13:26:23.910 ServerApp] Starting buffering for 86ccf53a-e00d-4a77-82c2-6144e59fac01:83fd825c-c4f7-45cf-a219-e3ee0a9dc17e
[I 2026-03-12 13:27:08.093 ServerApp] Adapting from protocol version 5.3 (kernel 86ccf53a-e00d-4a77-82c2-6144e59fac01) to 5.4 (client).
[I 2026-03-12 13:27:08.094 ServerApp] Connecting to kernel 86ccf53a-e00d-4a77-82c2-6144e59fac01.
[I 2026-03-12 13:27:08.094 ServerApp] Restoring connection for 86ccf53a-e00d-4a77-82c2-6144e59fac01:83fd825c-c4f7-45cf-a219-e3ee0a9dc17e
[W 2026-03-12 13:28:27.001 ServerApp] WebSocket ping timeout after 116152 ms.
[I 2026-03-12 13:28:32.003 ServerApp] Starting buffering for 4a358e38-58f0-469d-8e77-a0cbd4249bb3:facecb2b-6856-432b-b16c-e2c5921f3089
[I 2026-03-12 13:30:15.021 ServerApp] Adapting from protocol version 5.3 (kernel 4a358e38-58f0-469d-8e77-a0cbd4249bb3) to 5.4 (client).
[I 2026-03-12 13:30:15.022 ServerApp] Connecting to kernel 4a358e38-58f0-469d-8e77-a0cbd4249bb3.
[I 2026-03-12 13:30:15.023 ServerApp] Restoring connection for 4a358e38-58f0-469d-8e77-a0cbd4249bb3:facecb2b-6856-432b-b16c-e2c5921f3089
[W 2026-03-12 13:35:15.025 ServerApp] WebSocket ping timeout after 107796 ms.
[I 2026-03-12 13:35:20.027 ServerApp] Starting buffering for 4a358e38-58f0-469d-8e77-a0cbd4249bb3:facecb2b-6856-432b-b16c-e2c5921f3089
[W 2026-03-12 13:36:38.094 ServerApp] WebSocket ping timeout after 116880 ms.
[I 2026-03-12 13:36:43.098 ServerApp] Starting buffering for 86ccf53a-e00d-4a77-82c2-6144e59fac01:83fd825c-c4f7-45cf-a219-e3ee0a9dc17e
[I 2026-03-12 13:38:17.615 ServerApp] Adapting from protocol version 5.3 (kernel 86ccf53a-e00d-4a77-82c2-6144e59fac01) to 5.4 (client).
[I 2026-03-12 13:38:17.615 ServerApp] Connecting to kernel 86ccf53a-e00d-4a77-82c2-6144e59fac01.
[I 2026-03-12 13:38:17.615 ServerApp] Restoring connection for 86ccf53a-e00d-4a77-82c2-6144e59fac01:83fd825c-c4f7-45cf-a219-e3ee0a9dc17e
[I 2026-03-12 13:38:43.735 ServerApp] Adapting from protocol version 5.3 (kernel 4a358e38-58f0-469d-8e77-a0cbd4249bb3) to 5.4 (client).
[I 2026-03-12 13:38:43.736 ServerApp] Connecting to kernel 4a358e38-58f0-469d-8e77-a0cbd4249bb3.
[I 2026-03-12 13:38:43.736 ServerApp] Restoring connection for 4a358e38-58f0-469d-8e77-a0cbd4249bb3:facecb2b-6856-432b-b16c-e2c5921f3089
[W 2026-03-12 13:44:43.740 ServerApp] WebSocket ping timeout after 118430 ms.
[I 2026-03-12 13:44:48.741 ServerApp] Starting buffering for 4a358e38-58f0-469d-8e77-a0cbd4249bb3:facecb2b-6856-432b-b16c-e2c5921f3089
[I 2026-03-12 13:48:01.741 ServerApp] Adapting from protocol version 5.3 (kernel 4a358e38-58f0-469d-8e77-a0cbd4249bb3) to 5.4 (client).
[I 2026-03-12 13:48:01.742 ServerApp] Connecting to kernel 4a358e38-58f0-469d-8e77-a0cbd4249bb3.
[I 2026-03-12 13:48:01.742 ServerApp] Restoring connection for 4a358e38-58f0-469d-8e77-a0cbd4249bb3:facecb2b-6856-432b-b16c-e2c5921f3089
[W 2026-03-12 13:49:17.617 ServerApp] WebSocket ping timeout after 118719 ms.
[I 2026-03-12 13:49:22.622 ServerApp] Starting buffering for 86ccf53a-e00d-4a77-82c2-6144e59fac01:83fd825c-c4f7-45cf-a219-e3ee0a9dc17e
[W 2026-03-12 13:52:01.743 ServerApp] WebSocket ping timeout after 100902 ms.
[I 2026-03-12 13:52:01.797 ServerApp] Starting buffering for 4a358e38-58f0-469d-8e77-a0cbd4249bb3:facecb2b-6856-432b-b16c-e2c5921f3089
[I 2026-03-12 13:52:04.241 ServerApp] Adapting from protocol version 5.3 (kernel 4a358e38-58f0-469d-8e77-a0cbd4249bb3) to 5.4 (client).
[I 2026-03-12 13:52:04.242 ServerApp] Connecting to kernel 4a358e38-58f0-469d-8e77-a0cbd4249bb3.
[I 2026-03-12 13:52:04.242 ServerApp] Restoring connection for 4a358e38-58f0-469d-8e77-a0cbd4249bb3:facecb2b-6856-432b-b16c-e2c5921f3089
[I 2026-03-12 13:52:35.141 ServerApp] Starting buffering for 4a358e38-58f0-469d-8e77-a0cbd4249bb3:facecb2b-6856-432b-b16c-e2c5921f3089
[I 2026-03-12 13:52:40.275 ServerApp] Adapting from protocol version 5.3 (kernel 86ccf53a-e00d-4a77-82c2-6144e59fac01) to 5.4 (client).
[I 2026-03-12 13:52:40.276 ServerApp] Connecting to kernel 86ccf53a-e00d-4a77-82c2-6144e59fac01.
[I 2026-03-12 13:52:40.276 ServerApp] Restoring connection for 86ccf53a-e00d-4a77-82c2-6144e59fac01:83fd825c-c4f7-45cf-a219-e3ee0a9dc17e
[I 2026-03-12 13:52:40.310 ServerApp] Adapting from protocol version 5.3 (kernel 4a358e38-58f0-469d-8e77-a0cbd4249bb3) to 5.4 (client).
[I 2026-03-12 13:52:40.311 ServerApp] Connecting to kernel 4a358e38-58f0-469d-8e77-a0cbd4249bb3.
[I 2026-03-12 13:52:40.311 ServerApp] Restoring connection for 4a358e38-58f0-469d-8e77-a0cbd4249bb3:facecb2b-6856-432b-b16c-e2c5921f3089
[I 2026-03-12 13:52:43.917 ServerApp] Starting buffering for 4a358e38-58f0-469d-8e77-a0cbd4249bb3:facecb2b-6856-432b-b16c-e2c5921f3089
[W 2026-03-12 13:54:10.278 ServerApp] WebSocket ping timeout after 90002 ms.
[I 2026-03-12 13:54:15.281 ServerApp] Starting buffering for 86ccf53a-e00d-4a77-82c2-6144e59fac01:83fd825c-c4f7-45cf-a219-e3ee0a9dc17e
[I 2026-03-12 13:57:16.363 ServerApp] Adapting from protocol version 5.3 (kernel 86ccf53a-e00d-4a77-82c2-6144e59fac01) to 5.4 (client).
[I 2026-03-12 13:57:16.364 ServerApp] Connecting to kernel 86ccf53a-e00d-4a77-82c2-6144e59fac01.
[I 2026-03-12 13:57:16.403 ServerApp] Adapting from protocol version 5.3 (kernel 4a358e38-58f0-469d-8e77-a0cbd4249bb3) to 5.4 (client).
[I 2026-03-12 13:57:16.404 ServerApp] Connecting to kernel 4a358e38-58f0-469d-8e77-a0cbd4249bb3.
[I 2026-03-12 13:57:16.523 ServerApp] Starting buffering for 4a358e38-58f0-469d-8e77-a0cbd4249bb3:13dc0ff9-6e88-4c5c-b8a8-0bd0f980773e
[I 2026-03-12 13:57:16.524 ServerApp] Starting buffering for 86ccf53a-e00d-4a77-82c2-6144e59fac01:ecddfc2b-2f3b-4eec-82ee-c68bc92160ae
[I 2026-03-12 13:57:16.682 LabApp] Build is up to date
[I 2026-03-12 13:57:16.982 ServerApp] Adapting from protocol version 5.3 (kernel 4a358e38-58f0-469d-8e77-a0cbd4249bb3) to 5.4 (client).
[I 2026-03-12 13:57:16.983 ServerApp] Connecting to kernel 4a358e38-58f0-469d-8e77-a0cbd4249bb3.
[I 2026-03-12 13:57:17.020 ServerApp] Adapting from protocol version 5.3 (kernel 86ccf53a-e00d-4a77-82c2-6144e59fac01) to 5.4 (client).
[I 2026-03-12 13:57:17.022 ServerApp] Connecting to kernel 86ccf53a-e00d-4a77-82c2-6144e59fac01.
[I 2026-03-12 14:52:42.338 ServerApp] Starting buffering for 4a358e38-58f0-469d-8e77-a0cbd4249bb3:b48f3fc2-ead0-4122-807c-78c047671405
[I 2026-03-12 14:52:42.339 ServerApp] Starting buffering for 86ccf53a-e00d-4a77-82c2-6144e59fac01:54b45f43-1889-481b-9200-53de3633cca7
[I 2026-03-12 14:52:42.349 ServerApp] Adapting from protocol version 5.3 (kernel 4a358e38-58f0-469d-8e77-a0cbd4249bb3) to 5.4 (client).
[I 2026-03-12 14:52:42.350 ServerApp] Connecting to kernel 4a358e38-58f0-469d-8e77-a0cbd4249bb3.
[I 2026-03-12 14:52:42.350 ServerApp] Restoring connection for 4a358e38-58f0-469d-8e77-a0cbd4249bb3:b48f3fc2-ead0-4122-807c-78c047671405
[I 2026-03-12 14:52:42.427 ServerApp] Adapting from protocol version 5.3 (kernel 86ccf53a-e00d-4a77-82c2-6144e59fac01) to 5.4 (client).
[I 2026-03-12 14:52:42.429 ServerApp] Connecting to kernel 86ccf53a-e00d-4a77-82c2-6144e59fac01.
[I 2026-03-12 14:52:42.429 ServerApp] Restoring connection for 86ccf53a-e00d-4a77-82c2-6144e59fac01:54b45f43-1889-481b-9200-53de3633cca7
[W 2026-03-12 14:54:12.353 ServerApp] WebSocket ping timeout after 90002 ms.
[W 2026-03-12 14:54:12.430 ServerApp] WebSocket ping timeout after 90000 ms.
[I 2026-03-12 14:54:17.355 ServerApp] Starting buffering for 4a358e38-58f0-469d-8e77-a0cbd4249bb3:b48f3fc2-ead0-4122-807c-78c047671405
[I 2026-03-12 14:54:17.431 ServerApp] Starting buffering for 86ccf53a-e00d-4a77-82c2-6144e59fac01:54b45f43-1889-481b-9200-53de3633cca7
[I 2026-03-12 15:11:56.674 ServerApp] Adapting from protocol version 5.3 (kernel 4a358e38-58f0-469d-8e77-a0cbd4249bb3) to 5.4 (client).
[I 2026-03-12 15:11:56.675 ServerApp] Connecting to kernel 4a358e38-58f0-469d-8e77-a0cbd4249bb3.
[I 2026-03-12 15:11:56.675 ServerApp] Restoring connection for 4a358e38-58f0-469d-8e77-a0cbd4249bb3:b48f3fc2-ead0-4122-807c-78c047671405
[I 2026-03-12 15:12:03.014 ServerApp] Adapting from protocol version 5.3 (kernel 86ccf53a-e00d-4a77-82c2-6144e59fac01) to 5.4 (client).
[I 2026-03-12 15:12:03.015 ServerApp] Connecting to kernel 86ccf53a-e00d-4a77-82c2-6144e59fac01.
[I 2026-03-12 15:12:03.015 ServerApp] Restoring connection for 86ccf53a-e00d-4a77-82c2-6144e59fac01:54b45f43-1889-481b-9200-53de3633cca7
[I 2026-03-12 15:19:24.261 ServerApp] Kernel started: 0c169752-4e8e-4a8e-ad99-5c7235aaf5e0
[I 2026-03-12 15:19:24.778 ServerApp] Adapting from protocol version 5.3 (kernel 0c169752-4e8e-4a8e-ad99-5c7235aaf5e0) to 5.4 (client).
[I 2026-03-12 15:19:24.779 ServerApp] Connecting to kernel 0c169752-4e8e-4a8e-ad99-5c7235aaf5e0.
[I 2026-03-12 15:23:33.506 ServerApp] Saving file at /notebooks/stats.ipynb
[I 2026-03-12 15:24:04.011 ServerApp] Saving file at /notebooks/stats.ipynb
[W 2026-03-12 15:24:04.032 ServerApp] /home/danghoa/graph-database/notebooks/.~stats.ipynb doesn't exist
[I 2026-03-12 15:25:06.057 ServerApp] Saving file at /notebooks/stats.ipynb
[I 2026-03-12 15:25:36.564 ServerApp] Saving file at /notebooks/stats.ipynb
[I 2026-03-12 15:46:11.180 ServerApp] Saving file at /notebooks/stats.ipynb
[I 2026-03-12 15:46:42.080 ServerApp] Saving file at /notebooks/stats.ipynb
[I 2026-03-12 15:51:56.191 ServerApp] Saving file at /notebooks/stats.ipynb
[I 2026-03-12 15:52:21.017 ServerApp] Saving file at /notebooks/stats.ipynb
[I 2026-03-12 15:52:52.159 ServerApp] Saving file at /notebooks/stats.ipynb
[I 2026-03-12 15:57:28.283 ServerApp] Saving file at /notebooks/stats.ipynb
[I 2026-03-12 15:57:59.088 ServerApp] Saving file at /notebooks/stats.ipynb
[I 2026-03-12 16:11:08.265 ServerApp] Saving file at /notebooks/stats.ipynb
[I 2026-03-12 16:11:38.765 ServerApp] Saving file at /notebooks/stats.ipynb
[I 2026-03-12 16:13:38.801 ServerApp] Saving file at /notebooks/stats.ipynb
[W 2026-03-12 16:13:43.429 ServerApp] delete /notebooks/sample.csv
[I 2026-03-12 16:13:44.465 ServerApp] Saving file at /notebooks/stats.ipynb
[I 2026-03-12 16:14:07.467 ServerApp] Saving file at /notebooks/stats.ipynb
[I 2026-03-12 16:14:32.967 ServerApp] Saving file at /notebooks/stats.ipynb
[I 2026-03-12 16:15:04.015 ServerApp] Saving file at /notebooks/stats.ipynb
[I 2026-03-12 16:15:16.260 ServerApp] Saving file at /notebooks/stats.ipynb
[I 2026-03-12 16:15:46.573 ServerApp] Saving file at /notebooks/stats.ipynb
[I 2026-03-12 16:15:53.667 ServerApp] Saving file at /notebooks/stats.ipynb
[I 2026-03-12 16:15:54.682 ServerApp] Saving file at /notebooks/stats.ipynb
[I 2026-03-12 16:16:25.989 ServerApp] Saving file at /notebooks/stats.ipynb
[I 2026-03-12 16:16:30.264 ServerApp] Saving file at /notebooks/stats.ipynb
[I 2026-03-12 16:16:40.879 ServerApp] Saving file at /notebooks/stats.ipynb
[I 2026-03-12 16:17:11.400 ServerApp] Saving file at /notebooks/stats.ipynb
[I 2026-03-12 16:29:19.012 ServerApp] Starting buffering for 0c169752-4e8e-4a8e-ad99-5c7235aaf5e0:a0fc098e-676d-4910-b4f2-98c023dc99e5
[I 2026-03-12 16:29:19.016 ServerApp] Starting buffering for 4a358e38-58f0-469d-8e77-a0cbd4249bb3:b48f3fc2-ead0-4122-807c-78c047671405
[I 2026-03-12 16:29:19.019 ServerApp] Starting buffering for 86ccf53a-e00d-4a77-82c2-6144e59fac01:54b45f43-1889-481b-9200-53de3633cca7
[I 2026-03-12 16:29:19.080 ServerApp] Adapting from protocol version 5.3 (kernel 0c169752-4e8e-4a8e-ad99-5c7235aaf5e0) to 5.4 (client).
[I 2026-03-12 16:29:19.083 ServerApp] Connecting to kernel 0c169752-4e8e-4a8e-ad99-5c7235aaf5e0.
[I 2026-03-12 16:29:19.083 ServerApp] Restoring connection for 0c169752-4e8e-4a8e-ad99-5c7235aaf5e0:a0fc098e-676d-4910-b4f2-98c023dc99e5
[W 2026-03-12 16:30:49.085 ServerApp] WebSocket ping timeout after 90001 ms.
[I 2026-03-12 16:30:54.087 ServerApp] Starting buffering for 0c169752-4e8e-4a8e-ad99-5c7235aaf5e0:a0fc098e-676d-4910-b4f2-98c023dc99e5
[I 2026-03-12 17:00:30.674 ServerApp] Adapting from protocol version 5.3 (kernel 0c169752-4e8e-4a8e-ad99-5c7235aaf5e0) to 5.4 (client).
[I 2026-03-12 17:00:30.675 ServerApp] Connecting to kernel 0c169752-4e8e-4a8e-ad99-5c7235aaf5e0.
[I 2026-03-12 17:00:30.675 ServerApp] Restoring connection for 0c169752-4e8e-4a8e-ad99-5c7235aaf5e0:a0fc098e-676d-4910-b4f2-98c023dc99e5
[I 2026-03-12 17:00:49.687 ServerApp] Adapting from protocol version 5.3 (kernel 86ccf53a-e00d-4a77-82c2-6144e59fac01) to 5.4 (client).
[I 2026-03-12 17:00:49.687 ServerApp] Connecting to kernel 86ccf53a-e00d-4a77-82c2-6144e59fac01.
[I 2026-03-12 17:00:49.688 ServerApp] Restoring connection for 86ccf53a-e00d-4a77-82c2-6144e59fac01:54b45f43-1889-481b-9200-53de3633cca7
[I 2026-03-12 17:00:53.679 ServerApp] Adapting from protocol version 5.3 (kernel 4a358e38-58f0-469d-8e77-a0cbd4249bb3) to 5.4 (client).
[I 2026-03-12 17:00:53.679 ServerApp] Connecting to kernel 4a358e38-58f0-469d-8e77-a0cbd4249bb3.
[I 2026-03-12 17:00:53.680 ServerApp] Restoring connection for 4a358e38-58f0-469d-8e77-a0cbd4249bb3:b48f3fc2-ead0-4122-807c-78c047671405
[I 2026-03-12 17:59:11.342 ServerApp] Starting buffering for 86ccf53a-e00d-4a77-82c2-6144e59fac01:54b45f43-1889-481b-9200-53de3633cca7
[I 2026-03-12 17:59:11.345 ServerApp] Starting buffering for 0c169752-4e8e-4a8e-ad99-5c7235aaf5e0:a0fc098e-676d-4910-b4f2-98c023dc99e5
[I 2026-03-12 17:59:11.346 ServerApp] Starting buffering for 4a358e38-58f0-469d-8e77-a0cbd4249bb3:b48f3fc2-ead0-4122-807c-78c047671405
[I 2026-03-12 20:45:48.659 ServerApp] Adapting from protocol version 5.3 (kernel 86ccf53a-e00d-4a77-82c2-6144e59fac01) to 5.4 (client).
[I 2026-03-12 20:45:48.660 ServerApp] Connecting to kernel 86ccf53a-e00d-4a77-82c2-6144e59fac01.
[I 2026-03-12 20:45:48.661 ServerApp] Restoring connection for 86ccf53a-e00d-4a77-82c2-6144e59fac01:54b45f43-1889-481b-9200-53de3633cca7
[I 2026-03-12 20:45:48.696 ServerApp] Adapting from protocol version 5.3 (kernel 0c169752-4e8e-4a8e-ad99-5c7235aaf5e0) to 5.4 (client).
[I 2026-03-12 20:45:48.696 ServerApp] Connecting to kernel 0c169752-4e8e-4a8e-ad99-5c7235aaf5e0.
[I 2026-03-12 20:45:48.696 ServerApp] Restoring connection for 0c169752-4e8e-4a8e-ad99-5c7235aaf5e0:a0fc098e-676d-4910-b4f2-98c023dc99e5
[I 2026-03-12 20:45:48.732 ServerApp] Adapting from protocol version 5.3 (kernel 4a358e38-58f0-469d-8e77-a0cbd4249bb3) to 5.4 (client).
[I 2026-03-12 20:45:48.734 ServerApp] Connecting to kernel 4a358e38-58f0-469d-8e77-a0cbd4249bb3.
[I 2026-03-12 20:45:48.734 ServerApp] Restoring connection for 4a358e38-58f0-469d-8e77-a0cbd4249bb3:b48f3fc2-ead0-4122-807c-78c047671405
[I 2026-03-12 21:12:56.717 ServerApp] Starting buffering for 0c169752-4e8e-4a8e-ad99-5c7235aaf5e0:a0fc098e-676d-4910-b4f2-98c023dc99e5
[I 2026-03-12 21:12:56.718 ServerApp] Starting buffering for 4a358e38-58f0-469d-8e77-a0cbd4249bb3:b48f3fc2-ead0-4122-807c-78c047671405
[I 2026-03-12 21:12:56.718 ServerApp] Starting buffering for 86ccf53a-e00d-4a77-82c2-6144e59fac01:54b45f43-1889-481b-9200-53de3633cca7
[C 2026-03-13 23:27:19.957 ServerApp] received signal 15, stopping
[I 2026-03-13 23:27:20.032 ServerApp] Shutting down 6 extensions
[I 2026-03-13 23:27:20.088 ServerApp] Shutting down 3 kernels
[I 2026-03-13 23:27:20.118 ServerApp] Kernel shutdown: 86ccf53a-e00d-4a77-82c2-6144e59fac01
[I 2026-03-13 23:27:20.121 ServerApp] Kernel shutdown: 0c169752-4e8e-4a8e-ad99-5c7235aaf5e0
[I 2026-03-13 23:27:20.125 ServerApp] Kernel shutdown: 4a358e38-58f0-469d-8e77-a0cbd4249bb3
